This is pdfTeX, Version 3.1415926-1.40.10 (TeX Live 2009) (format=pdflatex 2010.6.1)  23 OCT 2010 17:38
entering extended mode
 file:line:error style messages enabled.
 %&-line parsing enabled.
**\nonstopmode \input /Users/kniepbert/Documents/ICAT/SoftwareDev/edexcelAssign
ment.tex
(/Users/kniepbert/Documents/ICAT/SoftwareDev/edexcelAssignment.tex
(/usr/local/texlive/2009/texmf-dist/tex/latex/base/article.cls
Document Class: article 2007/10/19 v1.4h Standard LaTeX document class
(/usr/local/texlive/2009/texmf-dist/tex/latex/base/size11.clo
File: size11.clo 2007/10/19 v1.4h Standard LaTeX file (size option)
)
\c@part=\count79
\c@section=\count80
\c@subsection=\count81
\c@subsubsection=\count82
\c@paragraph=\count83
\c@subparagraph=\count84
\c@figure=\count85
\c@table=\count86
\abovecaptionskip=\skip41
\belowcaptionskip=\skip42
\bibindent=\dimen102
)
(/usr/local/texlive/2009/texmf-dist/tex/latex/geometry/geometry.sty
Package: geometry 2008/12/21 v4.2 Page Geometry

(/usr/local/texlive/2009/texmf-dist/tex/latex/graphics/keyval.sty
Package: keyval 1999/03/16 v1.13 key=value parser (DPC)
\KV@toks@=\toks14
)
(/usr/local/texlive/2009/texmf-dist/tex/generic/oberdiek/ifpdf.sty
Package: ifpdf 2009/04/10 v2.0 Provides the ifpdf switch (HO)
Package ifpdf Info: pdfTeX in pdf mode detected.
)
(/usr/local/texlive/2009/texmf-dist/tex/generic/oberdiek/ifvtex.sty
Package: ifvtex 2008/11/04 v1.4 Switches for detecting VTeX and its modes (HO)
Package ifvtex Info: VTeX not detected.
)
\Gm@cnth=\count87
\Gm@cntv=\count88
\c@Gm@tempcnt=\count89
\Gm@bindingoffset=\dimen103
\Gm@wd@mp=\dimen104
\Gm@odd@mp=\dimen105
\Gm@even@mp=\dimen106
\Gm@dimlist=\toks15

(/usr/local/texlive/2009/texmf-dist/tex/xelatex/xetexconfig/geometry.cfg))
(/usr/local/texlive/2009/texmf-dist/tex/latex/tools/tabularx.sty
Package: tabularx 1999/01/07 v2.07 `tabularx' package (DPC)

(/usr/local/texlive/2009/texmf-dist/tex/latex/tools/array.sty
Package: array 2008/09/09 v2.4c Tabular extension package (FMi)
\col@sep=\dimen107
\extrarowheight=\dimen108
\NC@list=\toks16
\extratabsurround=\skip43
\backup@length=\skip44
)
\TX@col@width=\dimen109
\TX@old@table=\dimen110
\TX@old@col=\dimen111
\TX@target=\dimen112
\TX@delta=\dimen113
\TX@cols=\count90
\TX@ftn=\toks17
)
(/usr/local/texlive/2009/texmf-dist/tex/latex/wasysym/wasysym.sty
Package: wasysym 2003/10/30 v2.0 Wasy-2 symbol support package
\symwasy=\mathgroup4
LaTeX Font Info:    Overwriting symbol font `wasy' in version `bold'
(Font)                  U/wasy/m/n --> U/wasy/b/n on input line 90.
)
(/usr/local/texlive/2009/texmf-dist/tex/latex/graphics/graphics.sty
Package: graphics 2009/02/05 v1.0o Standard LaTeX Graphics (DPC,SPQR)

(/usr/local/texlive/2009/texmf-dist/tex/latex/graphics/trig.sty
Package: trig 1999/03/16 v1.09 sin cos tan (DPC)
)
(/usr/local/texlive/2009/texmf-dist/tex/latex/latexconfig/graphics.cfg
File: graphics.cfg 2009/08/28 v1.8 graphics configuration of TeX Live
)
Package graphics Info: Driver file: pdftex.def on input line 91.

(/usr/local/texlive/2009/texmf-dist/tex/latex/pdftex-def/pdftex.def
File: pdftex.def 2009/08/25 v0.04m Graphics/color for pdfTeX
\Gread@gobject=\count91
))
(/usr/local/texlive/2009/texmf-dist/tex/latex/graphics/color.sty
Package: color 2005/11/14 v1.0j Standard LaTeX Color (DPC)

(/usr/local/texlive/2009/texmf-dist/tex/latex/latexconfig/color.cfg
File: color.cfg 2007/01/18 v1.5 color configuration of teTeX/TeXLive
)
Package color Info: Driver file: pdftex.def on input line 130.
)
(/usr/local/texlive/2009/texmf-dist/tex/latex/ltxmisc/url.sty
\Urlmuskip=\muskip10
Package: url 2006/04/12  ver 3.3  Verb mode for urls, etc.
)
No file edexcelAssignment.aux.
\openout1 = `edexcelAssignment.aux'.

LaTeX Font Info:    Checking defaults for OML/cmm/m/it on input line 19.
LaTeX Font Info:    ... okay on input line 19.
LaTeX Font Info:    Checking defaults for T1/cmr/m/n on input line 19.
LaTeX Font Info:    ... okay on input line 19.
LaTeX Font Info:    Checking defaults for OT1/cmr/m/n on input line 19.
LaTeX Font Info:    ... okay on input line 19.
LaTeX Font Info:    Checking defaults for OMS/cmsy/m/n on input line 19.
LaTeX Font Info:    ... okay on input line 19.
LaTeX Font Info:    Checking defaults for OMX/cmex/m/n on input line 19.
LaTeX Font Info:    ... okay on input line 19.
LaTeX Font Info:    Checking defaults for U/cmr/m/n on input line 19.
LaTeX Font Info:    ... okay on input line 19.
*geometry auto-detecting driver*
*geometry detected driver: pdftex*
-------------------- Geometry parameters
paper: class default
landscape: --
twocolumn: --
twoside: --
asymmetric: --
h-parts: 28.45274pt, 557.38951pt, 28.45274pt
v-parts: 28.45274pt, 738.0645pt, 28.45274pt
hmarginratio: --
vmarginratio: --
lines: --
heightrounded: --
bindingoffset: 0.0pt
truedimen: --
includehead: --
includefoot: --
includemp: --
driver: pdftex
-------------------- Page layout dimensions and switches
\paperwidth  614.295pt
\paperheight 794.96999pt
\textwidth  557.38951pt
\textheight 738.0645pt
\oddsidemargin  -43.81725pt
\evensidemargin -43.81725pt
\topmargin  -80.81725pt
\headheight 12.0pt
\headsep    25.0pt
\footskip   30.0pt
\marginparwidth 59.0pt
\marginparsep   10.0pt
\columnsep  10.0pt
\skip\footins  10.0pt plus 4.0pt minus 2.0pt
\hoffset 0.0pt
\voffset 0.0pt
\mag 1000

(1in=72.27pt, 1cm=28.45pt)
-----------------------
(/usr/local/texlive/2009/texmf-dist/tex/context/base/supp-pdf.mkii
[Loading MPS to PDF converter (version 2006.09.02).]
\scratchcounter=\count92
\scratchdimen=\dimen114
\scratchbox=\box26
\nofMPsegments=\count93
\nofMParguments=\count94
\everyMPshowfont=\toks18
\MPscratchCnt=\count95
\MPscratchDim=\dimen115
\MPnumerator=\count96
\everyMPtoPDFconversion=\toks19
)
LaTeX Font Info:    External font `cmex10' loaded for size
(Font)              <10.95> on input line 21.
LaTeX Font Info:    External font `cmex10' loaded for size
(Font)              <8> on input line 21.
LaTeX Font Info:    External font `cmex10' loaded for size
(Font)              <6> on input line 21.
LaTeX Font Info:    Try loading font information for U+wasy on input line 21.
 (/usr/local/texlive/2009/texmf-dist/tex/latex/wasysym/uwasy.fd
File: uwasy.fd 2003/10/30 v2.0 Wasy-2 symbol font definitions
)
Overfull \hbox (1.01514pt too wide) in alignment at lines 21--30
[][] 
 []

Missing character: There is no Õ in font cmr6!
Missing character: There is no Õ in font cmbx6!
Missing character: There is no Õ in font cmr6!
Missing character: There is no Õ in font cmbx6!

Underfull \hbox (badness 10000) in paragraph at lines 59--59
[]|\OT1/cmr/bx/n/6 Assesor's
 []


Underfull \hbox (badness 10000) in paragraph at lines 59--59
[]|\OT1/cmr/bx/n/6 Internal
 []


Underfull \hbox (badness 2443) in paragraph at lines 59--59
\OT1/cmr/m/n/6 com-plete user re-quire-ments and de-sign
 []


Underfull \hbox (badness 6910) in paragraph at lines 59--59
[]|\OT1/cmr/m/n/6 produce all al-go-rithms, pseudo code,
 []


Underfull \hbox (badness 1642) in paragraph at lines 59--59
[]|\OT1/cmr/m/n/6 identify and im-ple-ment sys-tem re-quire-
 []

Missing character: There is no Õ in font cmr6!
Missing character: There is no Õ in font cmbx6!

Underfull \hbox (badness 2503) in paragraph at lines 59--59
[]|\OT1/cmr/bx/n/6 Professors ad-di-tional feed-back and
 []


Overfull \hbox (17.0pt too wide) in paragraph at lines 59--61
[][] 
 []

LaTeX Font Info:    Try loading font information for OMS+cmr on input line 64.
(/usr/local/texlive/2009/texmf-dist/tex/latex/base/omscmr.fd
File: omscmr.fd 1999/05/25 v2.5h Standard LaTeX font definitions
)
LaTeX Font Info:    Font shape `OMS/cmr/m/n' in size <10.95> not available
(Font)              Font shape `OMS/cmsy/m/n' tried instead on input line 64.
Missing character: There is no Ð in font cmr10!
Missing character: There is no Õ in font cmr10!
 [1

{/usr/local/texlive/2009/texmf-var/fonts/map/pdftex/updmap/pdftex.map}] [2]

/Users/kniepbert/Documents/ICAT/SoftwareDev/edexcelAssignment.tex:139: LaTeX Er
ror: Lonely \item--perhaps a missing list environment.

See the LaTeX manual or LaTeX Companion for explanation.
Type  H <return>  for immediate help.
 ...                                              
                                                  
l.139     \item P
                 resent your solution in a structured and well organised format

Try typing  <return>  to proceed.
If that doesn't work, type  X <return>  to quit.


Underfull \hbox (badness 10000) detected at line 139
[][]
 []


/Users/kniepbert/Documents/ICAT/SoftwareDev/edexcelAssignment.tex:140: LaTeX Er
ror: Lonely \item--perhaps a missing list environment.

See the LaTeX manual or LaTeX Companion for explanation.
Type  H <return>  for immediate help.
 ...                                              
                                                  
l.140     \item H
                 ave a critical view on your software. Try to work out the a...

Try typing  <return>  to proceed.
If that doesn't work, type  X <return>  to quit.


Underfull \hbox (badness 10000) detected at line 140
[][]
 []


/Users/kniepbert/Documents/ICAT/SoftwareDev/edexcelAssignment.tex:141: LaTeX Er
ror: \begin{document} ended by \end{itemize}.

See the LaTeX manual or LaTeX Companion for explanation.
Type  H <return>  for immediate help.
 ...                                              
                                                  
l.141 \end{itemize}
                   
Your command was ignored.
Type  I <command> <return>  to replace it with another command,
or  <return>  to continue without it.

/Users/kniepbert/Documents/ICAT/SoftwareDev/edexcelAssignment.tex:141: Extra \e
ndgroup.
<recently read> \endgroup 
                          
l.141 \end{itemize}
                   
Things are pretty mixed up, but I think the worst is over.

[3] [4] (./edexcelAssignment.aux) ) 
Here is how much of TeX's memory you used:
 1655 strings out of 493848
 21843 string characters out of 3149208
 98089 words of memory out of 3000000
 4943 multiletter control sequences out of 15000+200000
 9232 words of font info for 34 fonts, out of 3000000 for 9000
 714 hyphenation exceptions out of 8191
 23i,11n,28p,364b,222s stack positions out of 5000i,500n,10000p,200000b,50000s
</usr/local/texlive/2009/texmf-dist/fonts/ty
pe1/public/amsfonts/cm/cmbx10.pfb></usr/local/texlive/2009/texmf-dist/fonts/typ
e1/public/amsfonts/cm/cmbx12.pfb></usr/local/texlive/2009/texmf-dist/fonts/type
1/public/amsfonts/cm/cmbx6.pfb></usr/local/texlive/2009/texmf-dist/fonts/type1/
public/amsfonts/cm/cmr10.pfb></usr/local/texlive/2009/texmf-dist/fonts/type1/pu
blic/amsfonts/cm/cmr6.pfb></usr/local/texlive/2009/texmf-dist/fonts/type1/publi
c/amsfonts/cm/cmsy10.pfb></usr/local/texlive/2009/texmf-dist/fonts/type1/public
/amsfonts/cm/cmtt10.pfb></usr/local/texlive/2009/texmf-dist/fonts/type1/public/
wasy/wasy6.pfb>
Output written on edexcelAssignment.pdf (4 pages, 119340 bytes).
PDF statistics:
 47 PDF objects out of 1000 (max. 8388607)
 0 named destinations out of 1000 (max. 500000)
 1 words of extra memory for PDF output out of 10000 (max. 10000000)

